2019-05-13 09:35:06.444  INFO 14276 --- [main] com.example.jwt.JwtApplication           : Starting JwtApplication on xuyang with PID 14276 (E:\AfterEnd\Exercise\jwt\target\classes started by SoulBreath in E:\AfterEnd\Exercise\jwt)
2019-05-13 09:35:06.447  INFO 14276 --- [main] com.example.jwt.JwtApplication           : The following profiles are active: dev
2019-05-13 09:35:07.308  INFO 14276 --- [main] .s.d.r.c.RepositoryConfigurationDelegate : Multiple Spring Data modules found, entering strict repository configuration mode!
2019-05-13 09:35:07.311  INFO 14276 --- [main] .s.d.r.c.RepositoryConfigurationDelegate : Bootstrapping Spring Data repositories in DEFAULT mode.
2019-05-13 09:35:07.340  INFO 14276 --- [main] .s.d.r.c.RepositoryConfigurationDelegate : Finished Spring Data repository scanning in 13ms. Found 0 repository interfaces.
2019-05-13 09:35:07.788  INFO 14276 --- [main] trationDelegate$BeanPostProcessorChecker : Bean 'org.springframework.transaction.annotation.ProxyTransactionManagementConfiguration' of type [org.springframework.transaction.annotation.ProxyTransactionManagementConfiguration$$EnhancerBySpringCGLIB$$3bb8b4f5] is not eligible for getting processed by all BeanPostProcessors (for example: not eligible for auto-proxying)
2019-05-13 09:35:07.844  INFO 14276 --- [main] trationDelegate$BeanPostProcessorChecker : Bean 'spring.redis-org.springframework.boot.autoconfigure.data.redis.RedisProperties' of type [org.springframework.boot.autoconfigure.data.redis.RedisProperties] is not eligible for getting processed by all BeanPostProcessors (for example: not eligible for auto-proxying)
2019-05-13 09:35:07.848  INFO 14276 --- [main] trationDelegate$BeanPostProcessorChecker : Bean 'org.springframework.boot.autoconfigure.data.redis.LettuceConnectionConfiguration' of type [org.springframework.boot.autoconfigure.data.redis.LettuceConnectionConfiguration$$EnhancerBySpringCGLIB$$50d2733f] is not eligible for getting processed by all BeanPostProcessors (for example: not eligible for auto-proxying)
2019-05-13 09:35:07.961  INFO 14276 --- [main] trationDelegate$BeanPostProcessorChecker : Bean 'lettuceClientResources' of type [io.lettuce.core.resource.DefaultClientResources] is not eligible for getting processed by all BeanPostProcessors (for example: not eligible for auto-proxying)
2019-05-13 09:35:08.153  INFO 14276 --- [main] trationDelegate$BeanPostProcessorChecker : Bean 'redisConnectionFactory' of type [org.springframework.data.redis.connection.lettuce.LettuceConnectionFactory] is not eligible for getting processed by all BeanPostProcessors (for example: not eligible for auto-proxying)
2019-05-13 09:35:08.155  INFO 14276 --- [main] trationDelegate$BeanPostProcessorChecker : Bean 'redisConfig' of type [com.example.jwt.common.config.RedisConfig$$EnhancerBySpringCGLIB$$462929f6] is not eligible for getting processed by all BeanPostProcessors (for example: not eligible for auto-proxying)
2019-05-13 09:35:08.584  INFO 14276 --- [main] o.s.b.w.embedded.tomcat.TomcatWebServer  : Tomcat initialized with port(s): 8888 (http)
2019-05-13 09:35:08.624  INFO 14276 --- [main] o.apache.catalina.core.StandardService   : Starting service [Tomcat]
2019-05-13 09:35:08.624  INFO 14276 --- [main] org.apache.catalina.core.StandardEngine  : Starting Servlet Engine: Apache Tomcat/9.0.13
2019-05-13 09:35:08.631  INFO 14276 --- [main] o.a.catalina.core.AprLifecycleListener   : The APR based Apache Tomcat Native library which allows optimal performance in production environments was not found on the java.library.path: [C:\Program Files\Java\jdk1.8.0_191\bin;C:\Windows\Sun\Java\bin;C:\Windows\system32;C:\Windows;C:\Program Files (x86)\Common Files\Oracle\Java\javapath;C:\ProgramData\Oracle\Java\javapath;C:\Windows\system32;C:\Windows;C:\Windows\System32\Wbem;C:\Windows\System32\WindowsPowerShell\v1.0\;C:\Windows\System32\OpenSSH\;C:\Program Files\apache-maven-3.5.3\bin;C:\Program Files\TortoiseSVN\bin;C:\Program Files\Redis-x64-3.2.100;D:\MongoDB\bin;C:\Program Files\mysql-5.7.23-winx64\bin;F:\Git\cmd;C:\Program Files (x86)\NVIDIA Corporation\PhysX\Common;C:\Program Files\Git\cmd;C:\Program Files\erl10.0.1\bin;D:\cmder;C:\Program Files\nodejs\;C:\Program Files\NVIDIA Corporation\NVIDIA NvDLISR;C:\Program Files\Java\jdk1.8.0_191\bin;C:\Users\SoulBreath\AppData\Local\Programs\Python\Python37-32\Scripts\;C:\Users\SoulBreath\AppData\Local\Programs\Python\Python37-32\;C:\Users\SoulBreath\AppData\Local\Microsoft\WindowsApps;C:\Users\SoulBreath\AppData\Roaming\npm;C:\Users\SoulBreath\AppData\Local\Programs\Microsoft VS Code\bin;.]
2019-05-13 09:35:08.749  INFO 14276 --- [main] o.a.c.c.C.[Tomcat].[localhost].[/]       : Initializing Spring embedded WebApplicationContext
2019-05-13 09:35:08.750  INFO 14276 --- [main] o.s.web.context.ContextLoader            : Root WebApplicationContext: initialization completed in 2224 ms
2019-05-13 09:35:09.094  INFO 14276 --- [main] c.a.d.s.b.a.DruidDataSourceAutoConfigure : Init DruidDataSource
2019-05-13 09:35:09.623  INFO 14276 --- [main] com.alibaba.druid.pool.DruidDataSource   : {dataSource-1} inited
2019-05-13 09:35:10.028  INFO 14276 --- [main] io.lettuce.core.EpollProvider            : Starting without optional epoll library
2019-05-13 09:35:10.030  INFO 14276 --- [main] io.lettuce.core.KqueueProvider           : Starting without optional kqueue library
2019-05-13 09:35:10.703  INFO 14276 --- [main] o.s.s.concurrent.ThreadPoolTaskExecutor  : Initializing ExecutorService 'applicationTaskExecutor'
2019-05-13 09:35:11.661  INFO 14276 --- [main] s.a.ScheduledAnnotationBeanPostProcessor : No TaskScheduler/ScheduledExecutorService bean found for scheduled processing
2019-05-13 09:35:11.691  INFO 14276 --- [main] o.s.b.w.embedded.tomcat.TomcatWebServer  : Tomcat started on port(s): 8888 (http) with context path ''
2019-05-13 09:35:11.694  INFO 14276 --- [main] com.example.jwt.JwtApplication           : Started JwtApplication in 5.757 seconds (JVM running for 8.811)
2019-05-13 09:36:18.588  INFO 14276 --- [http-nio-8888-exec-1] o.a.c.c.C.[Tomcat].[localhost].[/]       : Initializing Spring DispatcherServlet 'dispatcherServlet'
2019-05-13 09:36:18.588  INFO 14276 --- [http-nio-8888-exec-1] o.s.web.servlet.DispatcherServlet        : Initializing Servlet 'dispatcherServlet'
2019-05-13 09:36:18.594  INFO 14276 --- [http-nio-8888-exec-1] o.s.web.servlet.DispatcherServlet        : Completed initialization in 6 ms
2019-05-13 09:36:18.626  INFO 14276 --- [http-nio-8888-exec-1] c.e.jwt.controller.TestLoginController   : 这是一个info日志
2019-05-13 09:36:18.626  WARN 14276 --- [http-nio-8888-exec-1] c.e.jwt.controller.TestLoginController   : 这是一个warn日志
2019-05-13 09:36:18.626 ERROR 14276 --- [http-nio-8888-exec-1] c.e.jwt.controller.TestLoginController   : 这是一个error日志
2019-05-13 09:52:32.487  INFO 10460 --- [main] com.example.jwt.JwtApplication           : Starting JwtApplication on xuyang with PID 10460 (E:\AfterEnd\Exercise\jwt\target\classes started by SoulBreath in E:\AfterEnd\Exercise\jwt)
2019-05-13 09:52:32.495  INFO 10460 --- [main] com.example.jwt.JwtApplication           : The following profiles are active: dev
2019-05-13 09:52:33.590  INFO 10460 --- [main] .s.d.r.c.RepositoryConfigurationDelegate : Multiple Spring Data modules found, entering strict repository configuration mode!
2019-05-13 09:52:33.592  INFO 10460 --- [main] .s.d.r.c.RepositoryConfigurationDelegate : Bootstrapping Spring Data repositories in DEFAULT mode.
2019-05-13 09:52:33.621  INFO 10460 --- [main] .s.d.r.c.RepositoryConfigurationDelegate : Finished Spring Data repository scanning in 13ms. Found 0 repository interfaces.
2019-05-13 09:52:34.101  INFO 10460 --- [main] trationDelegate$BeanPostProcessorChecker : Bean 'org.springframework.transaction.annotation.ProxyTransactionManagementConfiguration' of type [org.springframework.transaction.annotation.ProxyTransactionManagementConfiguration$$EnhancerBySpringCGLIB$$e26c9c76] is not eligible for getting processed by all BeanPostProcessors (for example: not eligible for auto-proxying)
2019-05-13 09:52:34.162  INFO 10460 --- [main] trationDelegate$BeanPostProcessorChecker : Bean 'spring.redis-org.springframework.boot.autoconfigure.data.redis.RedisProperties' of type [org.springframework.boot.autoconfigure.data.redis.RedisProperties] is not eligible for getting processed by all BeanPostProcessors (for example: not eligible for auto-proxying)
2019-05-13 09:52:34.166  INFO 10460 --- [main] trationDelegate$BeanPostProcessorChecker : Bean 'org.springframework.boot.autoconfigure.data.redis.LettuceConnectionConfiguration' of type [org.springframework.boot.autoconfigure.data.redis.LettuceConnectionConfiguration$$EnhancerBySpringCGLIB$$f7865ac0] is not eligible for getting processed by all BeanPostProcessors (for example: not eligible for auto-proxying)
2019-05-13 09:52:34.280  INFO 10460 --- [main] trationDelegate$BeanPostProcessorChecker : Bean 'lettuceClientResources' of type [io.lettuce.core.resource.DefaultClientResources] is not eligible for getting processed by all BeanPostProcessors (for example: not eligible for auto-proxying)
2019-05-13 09:52:34.486  INFO 10460 --- [main] trationDelegate$BeanPostProcessorChecker : Bean 'redisConnectionFactory' of type [org.springframework.data.redis.connection.lettuce.LettuceConnectionFactory] is not eligible for getting processed by all BeanPostProcessors (for example: not eligible for auto-proxying)
2019-05-13 09:52:34.488  INFO 10460 --- [main] trationDelegate$BeanPostProcessorChecker : Bean 'redisConfig' of type [com.example.jwt.common.config.RedisConfig$$EnhancerBySpringCGLIB$$ecdd1177] is not eligible for getting processed by all BeanPostProcessors (for example: not eligible for auto-proxying)
2019-05-13 09:52:34.852  INFO 10460 --- [main] o.s.b.w.embedded.tomcat.TomcatWebServer  : Tomcat initialized with port(s): 8888 (http)
2019-05-13 09:52:34.878  INFO 10460 --- [main] o.apache.catalina.core.StandardService   : Starting service [Tomcat]
2019-05-13 09:52:34.878  INFO 10460 --- [main] org.apache.catalina.core.StandardEngine  : Starting Servlet Engine: Apache Tomcat/9.0.13
2019-05-13 09:52:34.885  INFO 10460 --- [main] o.a.catalina.core.AprLifecycleListener   : The APR based Apache Tomcat Native library which allows optimal performance in production environments was not found on the java.library.path: [C:\Program Files\Java\jdk1.8.0_191\bin;C:\Windows\Sun\Java\bin;C:\Windows\system32;C:\Windows;C:\Program Files (x86)\Common Files\Oracle\Java\javapath;C:\ProgramData\Oracle\Java\javapath;C:\Windows\system32;C:\Windows;C:\Windows\System32\Wbem;C:\Windows\System32\WindowsPowerShell\v1.0\;C:\Windows\System32\OpenSSH\;C:\Program Files\apache-maven-3.5.3\bin;C:\Program Files\TortoiseSVN\bin;C:\Program Files\Redis-x64-3.2.100;D:\MongoDB\bin;C:\Program Files\mysql-5.7.23-winx64\bin;F:\Git\cmd;C:\Program Files (x86)\NVIDIA Corporation\PhysX\Common;C:\Program Files\Git\cmd;C:\Program Files\erl10.0.1\bin;D:\cmder;C:\Program Files\nodejs\;C:\Program Files\NVIDIA Corporation\NVIDIA NvDLISR;C:\Program Files\Java\jdk1.8.0_191\bin;C:\Users\SoulBreath\AppData\Local\Programs\Python\Python37-32\Scripts\;C:\Users\SoulBreath\AppData\Local\Programs\Python\Python37-32\;C:\Users\SoulBreath\AppData\Local\Microsoft\WindowsApps;C:\Users\SoulBreath\AppData\Roaming\npm;C:\Users\SoulBreath\AppData\Local\Programs\Microsoft VS Code\bin;.]
2019-05-13 09:52:34.998  INFO 10460 --- [main] o.a.c.c.C.[Tomcat].[localhost].[/]       : Initializing Spring embedded WebApplicationContext
2019-05-13 09:52:34.998  INFO 10460 --- [main] o.s.web.context.ContextLoader            : Root WebApplicationContext: initialization completed in 2399 ms
2019-05-13 09:52:35.345  INFO 10460 --- [main] c.a.d.s.b.a.DruidDataSourceAutoConfigure : Init DruidDataSource
2019-05-13 09:52:35.852  INFO 10460 --- [main] com.alibaba.druid.pool.DruidDataSource   : {dataSource-1} inited
2019-05-13 09:52:36.317  INFO 10460 --- [main] io.lettuce.core.EpollProvider            : Starting without optional epoll library
2019-05-13 09:52:36.319  INFO 10460 --- [main] io.lettuce.core.KqueueProvider           : Starting without optional kqueue library
2019-05-13 09:52:37.047  INFO 10460 --- [main] o.s.s.concurrent.ThreadPoolTaskExecutor  : Initializing ExecutorService 'applicationTaskExecutor'
2019-05-13 09:52:38.098  INFO 10460 --- [main] s.a.ScheduledAnnotationBeanPostProcessor : No TaskScheduler/ScheduledExecutorService bean found for scheduled processing
2019-05-13 09:52:38.132  INFO 10460 --- [main] o.s.b.w.embedded.tomcat.TomcatWebServer  : Tomcat started on port(s): 8888 (http) with context path ''
2019-05-13 09:52:38.136  INFO 10460 --- [main] com.example.jwt.JwtApplication           : Started JwtApplication in 6.548 seconds (JVM running for 10.074)
2019-05-13 09:53:35.639  INFO 10460 --- [http-nio-8888-exec-1] o.a.c.c.C.[Tomcat].[localhost].[/]       : Initializing Spring DispatcherServlet 'dispatcherServlet'
2019-05-13 09:53:35.640  INFO 10460 --- [http-nio-8888-exec-1] o.s.web.servlet.DispatcherServlet        : Initializing Servlet 'dispatcherServlet'
2019-05-13 09:53:35.657  INFO 10460 --- [http-nio-8888-exec-1] o.s.web.servlet.DispatcherServlet        : Completed initialization in 17 ms
2019-05-13 09:53:35.936  INFO 10460 --- [http-nio-8888-exec-1] c.e.j.m.u.s.impl.SysUserServiceImpl      : 没有走缓存!
2019-05-13 09:53:36.027 DEBUG 10460 --- [http-nio-8888-exec-1] c.e.j.m.u.d.SysUserDao.findUserByMobile  : ==>  Preparing: select * from sys_user where mobile = ? 
2019-05-13 09:53:36.074 DEBUG 10460 --- [http-nio-8888-exec-1] c.e.j.m.u.d.SysUserDao.findUserByMobile  : ==> Parameters: 17685915189(String)
2019-05-13 09:53:36.132 DEBUG 10460 --- [http-nio-8888-exec-1] c.e.j.m.u.d.SysUserDao.findUserByMobile  : <==      Total: 0
2019-05-13 09:53:36.267 DEBUG 10460 --- [http-nio-8888-exec-1] c.e.j.m.u.dao.SysUserDao.registerUser    : ==>  Preparing: insert into sys_user ( `mobile`, `nickname`, `password` ) values ( ?, ?, ? ) 
2019-05-13 09:53:36.267 DEBUG 10460 --- [http-nio-8888-exec-1] c.e.j.m.u.dao.SysUserDao.registerUser    : ==> Parameters: 17685915189(String), test(String), f4e71f136b15400c0498807227917c44380d88ac8d35d43d(String)
2019-05-13 09:53:36.305 DEBUG 10460 --- [http-nio-8888-exec-1] c.e.j.m.u.dao.SysUserDao.registerUser    : <==    Updates: 1
